<?xml version="1.0" encoding="UTF-8"?>
<!-- Generated by org.testng.reporters.JUnitXMLReporter -->
<testsuite ignored="0" hostname="DESKTOP-7CTG9BO" failures="1" tests="13" name="TutorialNinja TestCases" time="86.028" errors="0" timestamp="2025-07-02T14:21:52 IST">
  <testcase classname="com.tutorialsninja.qa.testcase.RegisterTest" name="verifyRegisteringWithMandatoryFeilds" time="3.218"/>
  <testcase classname="com.tutorialsninja.qa.testcase.RegisterTest" name="verifyRegisteringWithAllFeilds" time="2.719"/>
  <testcase classname="com.tutorialsninja.qa.testcase.RegisterTest" name="vrifyRegisteringAccountwithExistingEmailAddress" time="2.467"/>
  <testcase classname="com.tutorialsninja.qa.testcase.RegisterTest" name="verifyRegisteringAccountWithoutFillingAnyDetails" time="0.754">
    <failure type="java.lang.AssertionError" message="expected [true] but found [false]">
      <![CDATA[java.lang.AssertionError: expected [true] but found [false]
at com.tutorialsninja.qa.testcase.RegisterTest.verifyRegisteringAccountWithoutFillingAnyDetails(RegisterTest.java:101)
at java.base/java.util.ArrayList.forEach(ArrayList.java:1511)
... Removed 31 stack frames]]>
    </failure>
  </testcase> <!-- verifyRegisteringAccountWithoutFillingAnyDetails -->
  <testcase classname="com.tutorialsninja.qa.testcase.LoginTest" name="vrifyLoginWithValidCredentials" time="1.457"/>
  <testcase classname="com.tutorialsninja.qa.testcase.LoginTest" name="vrifyLoginWithValidCredentials" time="2.029"/>
  <testcase classname="com.tutorialsninja.qa.testcase.LoginTest" name="verifyLoginWithInValidCredentials" time="1.957"/>
  <testcase classname="com.tutorialsninja.qa.testcase.LoginTest" name="verifyLoginWithInvalidEmailAndValidPassword" time="1.207"/>
  <testcase classname="com.tutorialsninja.qa.testcase.LoginTest" name="verifyLoginWithValidEmailAndInvalidPassword" time="1.113"/>
  <testcase classname="com.tutorialsninja.qa.testcase.LoginTest" name="verifyLoginWithoutProvidingCredentials" time="0.533"/>
  <testcase classname="com.tutorialsninja.qa.testcase.SearchTest" name="vrifySearchWithValidProduct" time="0.831"/>
  <testcase classname="com.tutorialsninja.qa.testcase.SearchTest" name="verifySearchWithInvalidProduct" time="0.715"/>
  <testcase classname="com.tutorialsninja.qa.testcase.SearchTest" name="verifySearchWithoutAnyProduct" time="0.548"/>
</testsuite> <!-- TutorialNinja TestCases -->
