<?xml version="1.0" encoding="UTF-8"?>
<testng-results ignored="0" total="13" passed="12" failed="1" skipped="0">
  <reporter-output>
  </reporter-output>
  <suite started-at="2025-07-02T14:20:24 IST" name="TutorialNinja Automation Suite" finished-at="2025-07-02T14:21:50 IST" duration-ms="86028">
    <groups>
    </groups>
    <test started-at="2025-07-02T14:20:24 IST" name="TutorialNinja TestCases" finished-at="2025-07-02T14:21:50 IST" duration-ms="86028">
      <class name="com.tutorialsninja.qa.testcase.LoginTest">
        <test-method is-config="true" signature="setUp()[pri:0, instance:com.tutorialsninja.qa.testcase.LoginTest@710c2b53]" started-at="2025-07-02T14:21:02 IST" name="setUp" finished-at="2025-07-02T14:21:06 IST" duration-ms="4427" status="PASS">
          <reporter-output>
          </reporter-output>
        </test-method> <!-- setUp -->
        <test-method signature="vrifyLoginWithValidCredentials(java.lang.String,java.lang.String)[pri:1, instance:com.tutorialsninja.qa.testcase.LoginTest@710c2b53]" started-at="2025-07-02T14:21:06 IST" name="vrifyLoginWithValidCredentials" data-provider="validCredentialsSupplier" finished-at="2025-07-02T14:21:08 IST" duration-ms="1457" status="PASS">
          <params>
            <param index="0">
              <value>
                <![CDATA[test1111ing@gmail.com]]>
              </value>
            </param>
            <param index="1">
              <value>
                <![CDATA[Test@gmail1]]>
              </value>
            </param>
          </params>
          <reporter-output>
          </reporter-output>
        </test-method> <!-- vrifyLoginWithValidCredentials -->
        <test-method is-config="true" signature="tearDown()[pri:0, instance:com.tutorialsninja.qa.testcase.LoginTest@710c2b53]" started-at="2025-07-02T14:21:08 IST" name="tearDown" finished-at="2025-07-02T14:21:08 IST" duration-ms="729" status="PASS">
          <reporter-output>
          </reporter-output>
        </test-method> <!-- tearDown -->
        <test-method is-config="true" signature="setUp()[pri:0, instance:com.tutorialsninja.qa.testcase.LoginTest@710c2b53]" started-at="2025-07-02T14:21:08 IST" name="setUp" finished-at="2025-07-02T14:21:12 IST" duration-ms="3865" status="PASS">
          <reporter-output>
          </reporter-output>
        </test-method> <!-- setUp -->
        <test-method signature="vrifyLoginWithValidCredentials(java.lang.String,java.lang.String)[pri:1, instance:com.tutorialsninja.qa.testcase.LoginTest@710c2b53]" started-at="2025-07-02T14:21:12 IST" name="vrifyLoginWithValidCredentials" data-provider="validCredentialsSupplier" finished-at="2025-07-02T14:21:14 IST" duration-ms="2029" status="PASS">
          <params>
            <param index="0">
              <value>
                <![CDATA[kkr@gmail.com]]>
              </value>
            </param>
            <param index="1">
              <value>
                <![CDATA[123456]]>
              </value>
            </param>
          </params>
          <reporter-output>
          </reporter-output>
        </test-method> <!-- vrifyLoginWithValidCredentials -->
        <test-method is-config="true" signature="tearDown()[pri:0, instance:com.tutorialsninja.qa.testcase.LoginTest@710c2b53]" started-at="2025-07-02T14:21:14 IST" name="tearDown" finished-at="2025-07-02T14:21:15 IST" duration-ms="407" status="PASS">
          <reporter-output>
          </reporter-output>
        </test-method> <!-- tearDown -->
        <test-method is-config="true" signature="setUp()[pri:0, instance:com.tutorialsninja.qa.testcase.LoginTest@710c2b53]" started-at="2025-07-02T14:21:15 IST" name="setUp" finished-at="2025-07-02T14:21:19 IST" duration-ms="3843" status="PASS">
          <reporter-output>
          </reporter-output>
        </test-method> <!-- setUp -->
        <test-method signature="verifyLoginWithInValidCredentials()[pri:2, instance:com.tutorialsninja.qa.testcase.LoginTest@710c2b53]" started-at="2025-07-02T14:21:19 IST" name="verifyLoginWithInValidCredentials" finished-at="2025-07-02T14:21:21 IST" duration-ms="1957" status="PASS">
          <reporter-output>
          </reporter-output>
        </test-method> <!-- verifyLoginWithInValidCredentials -->
        <test-method is-config="true" signature="tearDown()[pri:0, instance:com.tutorialsninja.qa.testcase.LoginTest@710c2b53]" started-at="2025-07-02T14:21:21 IST" name="tearDown" finished-at="2025-07-02T14:21:22 IST" duration-ms="1142" status="PASS">
          <reporter-output>
          </reporter-output>
        </test-method> <!-- tearDown -->
        <test-method is-config="true" signature="setUp()[pri:0, instance:com.tutorialsninja.qa.testcase.LoginTest@710c2b53]" started-at="2025-07-02T14:21:22 IST" name="setUp" finished-at="2025-07-02T14:21:25 IST" duration-ms="3616" status="PASS">
          <reporter-output>
          </reporter-output>
        </test-method> <!-- setUp -->
        <test-method signature="verifyLoginWithInvalidEmailAndValidPassword()[pri:3, instance:com.tutorialsninja.qa.testcase.LoginTest@710c2b53]" started-at="2025-07-02T14:21:25 IST" name="verifyLoginWithInvalidEmailAndValidPassword" finished-at="2025-07-02T14:21:27 IST" duration-ms="1207" status="PASS">
          <reporter-output>
          </reporter-output>
        </test-method> <!-- verifyLoginWithInvalidEmailAndValidPassword -->
        <test-method is-config="true" signature="tearDown()[pri:0, instance:com.tutorialsninja.qa.testcase.LoginTest@710c2b53]" started-at="2025-07-02T14:21:27 IST" name="tearDown" finished-at="2025-07-02T14:21:27 IST" duration-ms="659" status="PASS">
          <reporter-output>
          </reporter-output>
        </test-method> <!-- tearDown -->
        <test-method is-config="true" signature="setUp()[pri:0, instance:com.tutorialsninja.qa.testcase.LoginTest@710c2b53]" started-at="2025-07-02T14:21:27 IST" name="setUp" finished-at="2025-07-02T14:21:31 IST" duration-ms="3292" status="PASS">
          <reporter-output>
          </reporter-output>
        </test-method> <!-- setUp -->
        <test-method signature="verifyLoginWithValidEmailAndInvalidPassword()[pri:4, instance:com.tutorialsninja.qa.testcase.LoginTest@710c2b53]" started-at="2025-07-02T14:21:31 IST" name="verifyLoginWithValidEmailAndInvalidPassword" finished-at="2025-07-02T14:21:32 IST" duration-ms="1113" status="PASS">
          <reporter-output>
          </reporter-output>
        </test-method> <!-- verifyLoginWithValidEmailAndInvalidPassword -->
        <test-method is-config="true" signature="tearDown()[pri:0, instance:com.tutorialsninja.qa.testcase.LoginTest@710c2b53]" started-at="2025-07-02T14:21:32 IST" name="tearDown" finished-at="2025-07-02T14:21:33 IST" duration-ms="1006" status="PASS">
          <reporter-output>
          </reporter-output>
        </test-method> <!-- tearDown -->
        <test-method is-config="true" signature="setUp()[pri:0, instance:com.tutorialsninja.qa.testcase.LoginTest@710c2b53]" started-at="2025-07-02T14:21:33 IST" name="setUp" finished-at="2025-07-02T14:21:37 IST" duration-ms="3983" status="PASS">
          <reporter-output>
          </reporter-output>
        </test-method> <!-- setUp -->
        <test-method signature="verifyLoginWithoutProvidingCredentials()[pri:5, instance:com.tutorialsninja.qa.testcase.LoginTest@710c2b53]" started-at="2025-07-02T14:21:37 IST" name="verifyLoginWithoutProvidingCredentials" finished-at="2025-07-02T14:21:37 IST" duration-ms="533" status="PASS">
          <reporter-output>
          </reporter-output>
        </test-method> <!-- verifyLoginWithoutProvidingCredentials -->
        <test-method is-config="true" signature="tearDown()[pri:0, instance:com.tutorialsninja.qa.testcase.LoginTest@710c2b53]" started-at="2025-07-02T14:21:37 IST" name="tearDown" finished-at="2025-07-02T14:21:38 IST" duration-ms="421" status="PASS">
          <reporter-output>
          </reporter-output>
        </test-method> <!-- tearDown -->
      </class> <!-- com.tutorialsninja.qa.testcase.LoginTest -->
      <class name="com.tutorialsninja.qa.testcase.RegisterTest">
        <test-method is-config="true" signature="setUp()[pri:0, instance:com.tutorialsninja.qa.testcase.RegisterTest@58cbafc2]" started-at="2025-07-02T14:20:24 IST" name="setUp" finished-at="2025-07-02T14:20:36 IST" duration-ms="11967" status="PASS">
          <reporter-output>
          </reporter-output>
        </test-method> <!-- setUp -->
        <test-method signature="verifyRegisteringWithMandatoryFeilds()[pri:1, instance:com.tutorialsninja.qa.testcase.RegisterTest@58cbafc2]" started-at="2025-07-02T14:20:36 IST" name="verifyRegisteringWithMandatoryFeilds" finished-at="2025-07-02T14:20:40 IST" duration-ms="3218" status="PASS">
          <reporter-output>
          </reporter-output>
        </test-method> <!-- verifyRegisteringWithMandatoryFeilds -->
        <test-method is-config="true" signature="tearDown()[pri:0, instance:com.tutorialsninja.qa.testcase.RegisterTest@58cbafc2]" started-at="2025-07-02T14:20:40 IST" name="tearDown" finished-at="2025-07-02T14:20:40 IST" duration-ms="670" status="PASS">
          <reporter-output>
          </reporter-output>
        </test-method> <!-- tearDown -->
        <test-method is-config="true" signature="setUp()[pri:0, instance:com.tutorialsninja.qa.testcase.RegisterTest@58cbafc2]" started-at="2025-07-02T14:20:40 IST" name="setUp" finished-at="2025-07-02T14:20:45 IST" duration-ms="4795" status="PASS">
          <reporter-output>
          </reporter-output>
        </test-method> <!-- setUp -->
        <test-method signature="verifyRegisteringWithAllFeilds()[pri:2, instance:com.tutorialsninja.qa.testcase.RegisterTest@58cbafc2]" started-at="2025-07-02T14:20:45 IST" name="verifyRegisteringWithAllFeilds" finished-at="2025-07-02T14:20:48 IST" duration-ms="2719" status="PASS">
          <reporter-output>
          </reporter-output>
        </test-method> <!-- verifyRegisteringWithAllFeilds -->
        <test-method is-config="true" signature="tearDown()[pri:0, instance:com.tutorialsninja.qa.testcase.RegisterTest@58cbafc2]" started-at="2025-07-02T14:20:48 IST" name="tearDown" finished-at="2025-07-02T14:20:48 IST" duration-ms="633" status="PASS">
          <reporter-output>
          </reporter-output>
        </test-method> <!-- tearDown -->
        <test-method is-config="true" signature="setUp()[pri:0, instance:com.tutorialsninja.qa.testcase.RegisterTest@58cbafc2]" started-at="2025-07-02T14:20:48 IST" name="setUp" finished-at="2025-07-02T14:20:52 IST" duration-ms="3898" status="PASS">
          <reporter-output>
          </reporter-output>
        </test-method> <!-- setUp -->
        <test-method signature="vrifyRegisteringAccountwithExistingEmailAddress()[pri:3, instance:com.tutorialsninja.qa.testcase.RegisterTest@58cbafc2]" started-at="2025-07-02T14:20:52 IST" name="vrifyRegisteringAccountwithExistingEmailAddress" finished-at="2025-07-02T14:20:55 IST" duration-ms="2467" status="PASS">
          <reporter-output>
          </reporter-output>
        </test-method> <!-- vrifyRegisteringAccountwithExistingEmailAddress -->
        <test-method is-config="true" signature="tearDown()[pri:0, instance:com.tutorialsninja.qa.testcase.RegisterTest@58cbafc2]" started-at="2025-07-02T14:20:55 IST" name="tearDown" finished-at="2025-07-02T14:20:55 IST" duration-ms="607" status="PASS">
          <reporter-output>
          </reporter-output>
        </test-method> <!-- tearDown -->
        <test-method is-config="true" signature="setUp()[pri:0, instance:com.tutorialsninja.qa.testcase.RegisterTest@58cbafc2]" started-at="2025-07-02T14:20:55 IST" name="setUp" finished-at="2025-07-02T14:20:59 IST" duration-ms="3776" status="PASS">
          <reporter-output>
          </reporter-output>
        </test-method> <!-- setUp -->
        <test-method signature="verifyRegisteringAccountWithoutFillingAnyDetails()[pri:4, instance:com.tutorialsninja.qa.testcase.RegisterTest@58cbafc2]" started-at="2025-07-02T14:20:59 IST" name="verifyRegisteringAccountWithoutFillingAnyDetails" finished-at="2025-07-02T14:21:00 IST" duration-ms="754" status="FAIL">
          <exception class="java.lang.AssertionError">
            <message>
              <![CDATA[expected [true] but found [false]]]>
            </message>
            <full-stacktrace>
              <![CDATA[java.lang.AssertionError: expected [true] but found [false]
at org.testng.Assert.fail(Assert.java:111)
at org.testng.Assert.failNotEquals(Assert.java:1590)
at org.testng.Assert.assertTrue(Assert.java:57)
at org.testng.Assert.assertTrue(Assert.java:67)
at com.tutorialsninja.qa.testcase.RegisterTest.verifyRegisteringAccountWithoutFillingAnyDetails(RegisterTest.java:101)
at java.base/jdk.internal.reflect.NativeMethodAccessorImpl.invoke0(Native Method)
at java.base/jdk.internal.reflect.NativeMethodAccessorImpl.invoke(NativeMethodAccessorImpl.java:77)
at java.base/jdk.internal.reflect.DelegatingMethodAccessorImpl.invoke(DelegatingMethodAccessorImpl.java:43)
at java.base/java.lang.reflect.Method.invoke(Method.java:568)
at org.testng.internal.invokers.MethodInvocationHelper.invokeMethod(MethodInvocationHelper.java:141)
at org.testng.internal.invokers.TestInvoker.invokeMethod(TestInvoker.java:687)
at org.testng.internal.invokers.TestInvoker.invokeTestMethod(TestInvoker.java:230)
at org.testng.internal.invokers.MethodRunner.runInSequence(MethodRunner.java:63)
at org.testng.internal.invokers.TestInvoker$MethodInvocationAgent.invoke(TestInvoker.java:995)
at org.testng.internal.invokers.TestInvoker.invokeTestMethods(TestInvoker.java:203)
at org.testng.internal.invokers.TestMethodWorker.invokeTestMethods(TestMethodWorker.java:154)
at org.testng.internal.invokers.TestMethodWorker.run(TestMethodWorker.java:134)
at java.base/java.util.ArrayList.forEach(ArrayList.java:1511)
at org.testng.TestRunner.privateRun(TestRunner.java:741)
at org.testng.TestRunner.run(TestRunner.java:616)
at org.testng.SuiteRunner.runTest(SuiteRunner.java:421)
at org.testng.SuiteRunner.runSequentially(SuiteRunner.java:413)
at org.testng.SuiteRunner.privateRun(SuiteRunner.java:373)
at org.testng.SuiteRunner.run(SuiteRunner.java:312)
at org.testng.SuiteRunnerWorker.runSuite(SuiteRunnerWorker.java:52)
at org.testng.SuiteRunnerWorker.run(SuiteRunnerWorker.java:95)
at org.testng.TestNG.runSuitesSequentially(TestNG.java:1274)
at org.testng.TestNG.runSuitesLocally(TestNG.java:1208)
at org.testng.TestNG.runSuites(TestNG.java:1112)
at org.testng.TestNG.run(TestNG.java:1079)
at org.testng.remote.AbstractRemoteTestNG.run(AbstractRemoteTestNG.java:115)
at org.testng.remote.RemoteTestNG.initAndRun(RemoteTestNG.java:293)
at org.testng.remote.RemoteTestNG.main(RemoteTestNG.java:91)
]]>
            </full-stacktrace>
          </exception> <!-- java.lang.AssertionError -->
          <reporter-output>
          </reporter-output>
        </test-method> <!-- verifyRegisteringAccountWithoutFillingAnyDetails -->
        <test-method is-config="true" signature="tearDown()[pri:0, instance:com.tutorialsninja.qa.testcase.RegisterTest@58cbafc2]" started-at="2025-07-02T14:21:00 IST" name="tearDown" finished-at="2025-07-02T14:21:01 IST" duration-ms="523" status="PASS">
          <reporter-output>
          </reporter-output>
        </test-method> <!-- tearDown -->
      </class> <!-- com.tutorialsninja.qa.testcase.RegisterTest -->
      <class name="com.tutorialsninja.qa.testcase.SearchTest">
        <test-method is-config="true" signature="setup()[pri:0, instance:com.tutorialsninja.qa.testcase.SearchTest@cecf639]" started-at="2025-07-02T14:21:38 IST" name="setup" finished-at="2025-07-02T14:21:40 IST" duration-ms="2826" status="PASS">
          <reporter-output>
          </reporter-output>
        </test-method> <!-- setup -->
        <test-method signature="vrifySearchWithValidProduct()[pri:1, instance:com.tutorialsninja.qa.testcase.SearchTest@cecf639]" started-at="2025-07-02T14:21:40 IST" name="vrifySearchWithValidProduct" finished-at="2025-07-02T14:21:41 IST" duration-ms="831" status="PASS">
          <reporter-output>
          </reporter-output>
        </test-method> <!-- vrifySearchWithValidProduct -->
        <test-method is-config="true" signature="tearDown()[pri:0, instance:com.tutorialsninja.qa.testcase.SearchTest@cecf639]" started-at="2025-07-02T14:21:41 IST" name="tearDown" finished-at="2025-07-02T14:21:42 IST" duration-ms="475" status="PASS">
          <reporter-output>
          </reporter-output>
        </test-method> <!-- tearDown -->
        <test-method is-config="true" signature="setup()[pri:0, instance:com.tutorialsninja.qa.testcase.SearchTest@cecf639]" started-at="2025-07-02T14:21:42 IST" name="setup" finished-at="2025-07-02T14:21:45 IST" duration-ms="2980" status="PASS">
          <reporter-output>
          </reporter-output>
        </test-method> <!-- setup -->
        <test-method signature="verifySearchWithInvalidProduct()[pri:2, instance:com.tutorialsninja.qa.testcase.SearchTest@cecf639]" started-at="2025-07-02T14:21:45 IST" name="verifySearchWithInvalidProduct" finished-at="2025-07-02T14:21:45 IST" duration-ms="715" status="PASS">
          <reporter-output>
          </reporter-output>
        </test-method> <!-- verifySearchWithInvalidProduct -->
        <test-method is-config="true" signature="tearDown()[pri:0, instance:com.tutorialsninja.qa.testcase.SearchTest@cecf639]" started-at="2025-07-02T14:21:45 IST" name="tearDown" finished-at="2025-07-02T14:21:46 IST" duration-ms="449" status="PASS">
          <reporter-output>
          </reporter-output>
        </test-method> <!-- tearDown -->
        <test-method is-config="true" signature="setup()[pri:0, instance:com.tutorialsninja.qa.testcase.SearchTest@cecf639]" started-at="2025-07-02T14:21:46 IST" name="setup" finished-at="2025-07-02T14:21:49 IST" duration-ms="3160" status="PASS">
          <reporter-output>
          </reporter-output>
        </test-method> <!-- setup -->
        <test-method signature="verifySearchWithoutAnyProduct()[pri:3, instance:com.tutorialsninja.qa.testcase.SearchTest@cecf639]" started-at="2025-07-02T14:21:49 IST" name="verifySearchWithoutAnyProduct" finished-at="2025-07-02T14:21:50 IST" depends-on-methods="com.tutorialsninja.qa.testcase.SearchTest.vrifySearchWithValidProduct, com.tutorialsninja.qa.testcase.SearchTest.verifySearchWithInvalidProduct" duration-ms="548" status="PASS">
          <reporter-output>
          </reporter-output>
        </test-method> <!-- verifySearchWithoutAnyProduct -->
        <test-method is-config="true" signature="tearDown()[pri:0, instance:com.tutorialsninja.qa.testcase.SearchTest@cecf639]" started-at="2025-07-02T14:21:50 IST" name="tearDown" finished-at="2025-07-02T14:21:50 IST" duration-ms="388" status="PASS">
          <reporter-output>
          </reporter-output>
        </test-method> <!-- tearDown -->
      </class> <!-- com.tutorialsninja.qa.testcase.SearchTest -->
    </test> <!-- TutorialNinja TestCases -->
  </suite> <!-- TutorialNinja Automation Suite -->
</testng-results>
